2024-03-14 13:26:50,914 DEBUG    root            Loaded Command Group: ['gcloud', 'components']
2024-03-14 13:26:50,917 DEBUG    root            Loaded Command Group: ['gcloud', 'components', 'update']
2024-03-14 13:26:50,919 DEBUG    root            Running [gcloud.components.update] with arguments: [--quiet: "True", COMPONENT-IDS:8: "['gcloud', 'core', 'bq', 'gsutil', 'compute', 'preview', 'alpha', 'beta']"]
2024-03-14 13:26:50,920 INFO     ___FILE_ONLY___ Beginning update. This process may take several minutes.

2024-03-14 13:26:50,926 DEBUG    urllib3.connectionpool Starting new HTTPS connection (1): dl.google.com:443
2024-03-14 13:26:50,997 DEBUG    urllib3.connectionpool https://dl.google.com:443 "GET /dl/cloudsdk/channels/rapid/components-2.json HTTP/1.1" 200 214446
2024-03-14 13:26:51,016 WARNING  root            Component [preview] no longer exists.
2024-03-14 13:26:51,016 WARNING  root            Component [compute] no longer exists.
2024-03-14 13:26:51,017 INFO     ___FILE_ONLY___ 

2024-03-14 13:26:51,018 INFO     ___FILE_ONLY___ 
Your current Google Cloud CLI version is: 468.0.0

2024-03-14 13:26:51,018 INFO     ___FILE_ONLY___ Installing components from version: 468.0.0

2024-03-14 13:26:51,018 INFO     ___FILE_ONLY___ 

2024-03-14 13:26:51,018 DEBUG    root            Chosen display Format:table[box,title="These components will be removed."](details.display_name:label=Name:align=left,version.version_string:label=Version:align=right,data.size.size(zero="",min=1048576):label=Size:align=right)
2024-03-14 13:26:51,019 DEBUG    root            Chosen display Format:table[box,title="These components will be updated."](details.display_name:label=Name:align=left,version.version_string:label=Version:align=right,data.size.size(zero="",min=1048576):label=Size:align=right)
2024-03-14 13:26:51,019 DEBUG    root            Chosen display Format:table[box,title="These components will be installed."](details.display_name:label=Name:align=left,version.version_string:label=Version:align=right,data.size.size(zero="",min=1048576):label=Size:align=right)
2024-03-14 13:26:51,021 INFO     ___FILE_ONLY___ ┌──────────────────────────────────────────────┐
2024-03-14 13:26:51,021 INFO     ___FILE_ONLY___ 

2024-03-14 13:26:51,021 INFO     ___FILE_ONLY___ │     These components will be installed.      │
2024-03-14 13:26:51,021 INFO     ___FILE_ONLY___ 

2024-03-14 13:26:51,021 INFO     ___FILE_ONLY___ ├───────────────────────┬────────────┬─────────┤
2024-03-14 13:26:51,021 INFO     ___FILE_ONLY___ 

2024-03-14 13:26:51,022 INFO     ___FILE_ONLY___ │          Name         │  Version   │   Size  │
2024-03-14 13:26:51,022 INFO     ___FILE_ONLY___ 

2024-03-14 13:26:51,022 INFO     ___FILE_ONLY___ ├───────────────────────┼────────────┼─────────┤
2024-03-14 13:26:51,022 INFO     ___FILE_ONLY___ 

2024-03-14 13:26:51,022 INFO     ___FILE_ONLY___ │ 
2024-03-14 13:26:51,022 INFO     ___FILE_ONLY___ gcloud Alpha Commands
2024-03-14 13:26:51,022 INFO     ___FILE_ONLY___  
2024-03-14 13:26:51,022 INFO     ___FILE_ONLY___ │ 
2024-03-14 13:26:51,022 INFO     ___FILE_ONLY___ 2024.03.08
2024-03-14 13:26:51,022 INFO     ___FILE_ONLY___  
2024-03-14 13:26:51,022 INFO     ___FILE_ONLY___ │ 
2024-03-14 13:26:51,023 INFO     ___FILE_ONLY___ < 1 MiB
2024-03-14 13:26:51,023 INFO     ___FILE_ONLY___  
2024-03-14 13:26:51,023 INFO     ___FILE_ONLY___ │
2024-03-14 13:26:51,023 INFO     ___FILE_ONLY___ 

2024-03-14 13:26:51,023 INFO     ___FILE_ONLY___ │ 
2024-03-14 13:26:51,023 INFO     ___FILE_ONLY___ gcloud Beta Commands 
2024-03-14 13:26:51,023 INFO     ___FILE_ONLY___  
2024-03-14 13:26:51,023 INFO     ___FILE_ONLY___ │ 
2024-03-14 13:26:51,023 INFO     ___FILE_ONLY___ 2024.03.08
2024-03-14 13:26:51,023 INFO     ___FILE_ONLY___  
2024-03-14 13:26:51,023 INFO     ___FILE_ONLY___ │ 
2024-03-14 13:26:51,024 INFO     ___FILE_ONLY___ < 1 MiB
2024-03-14 13:26:51,024 INFO     ___FILE_ONLY___  
2024-03-14 13:26:51,024 INFO     ___FILE_ONLY___ │
2024-03-14 13:26:51,024 INFO     ___FILE_ONLY___ 

2024-03-14 13:26:51,024 INFO     ___FILE_ONLY___ └───────────────────────┴────────────┴─────────┘
2024-03-14 13:26:51,024 INFO     ___FILE_ONLY___ 

2024-03-14 13:26:51,024 INFO     ___FILE_ONLY___ 

2024-03-14 13:26:51,028 DEBUG    urllib3.connectionpool Starting new HTTPS connection (1): dl.google.com:443
2024-03-14 13:26:51,145 DEBUG    urllib3.connectionpool https://dl.google.com:443 "GET /dl/cloudsdk/channels/rapid/RELEASE_NOTES HTTP/1.1" 200 1169079
2024-03-14 13:26:51,177 INFO     ___FILE_ONLY___ For the latest full release notes, please visit:
  https://cloud.google.com/sdk/release_notes


2024-03-14 13:26:51,179 INFO     ___FILE_ONLY___ ╔════════════════════════════════════════════════════════════╗

2024-03-14 13:26:51,180 INFO     ___FILE_ONLY___ ╠═ Creating update staging area                             ═╣

2024-03-14 13:26:51,180 INFO     ___FILE_ONLY___ ╚
2024-03-14 13:26:51,180 INFO     ___FILE_ONLY___ ══════
2024-03-14 13:26:51,801 INFO     ___FILE_ONLY___ ══════
2024-03-14 13:26:51,801 INFO     ___FILE_ONLY___ ══════
2024-03-14 13:26:52,453 INFO     ___FILE_ONLY___ ═
2024-03-14 13:26:52,491 INFO     ___FILE_ONLY___ ═
2024-03-14 13:26:52,542 INFO     ___FILE_ONLY___ ═
2024-03-14 13:26:52,580 INFO     ___FILE_ONLY___ ═
2024-03-14 13:26:52,619 INFO     ___FILE_ONLY___ ═
2024-03-14 13:26:52,658 INFO     ___FILE_ONLY___ ═
2024-03-14 13:26:52,698 INFO     ___FILE_ONLY___ ═
2024-03-14 13:26:52,745 INFO     ___FILE_ONLY___ ═
2024-03-14 13:26:52,911 INFO     ___FILE_ONLY___ ═
2024-03-14 13:26:53,110 INFO     ___FILE_ONLY___ ═
2024-03-14 13:26:53,267 INFO     ___FILE_ONLY___ ═
2024-03-14 13:26:53,332 INFO     ___FILE_ONLY___ ═
2024-03-14 13:26:53,412 INFO     ___FILE_ONLY___ ═
2024-03-14 13:26:53,487 INFO     ___FILE_ONLY___ ═
2024-03-14 13:26:53,563 INFO     ___FILE_ONLY___ ═
2024-03-14 13:26:53,627 INFO     ___FILE_ONLY___ ═
2024-03-14 13:26:53,674 INFO     ___FILE_ONLY___ ═
2024-03-14 13:26:53,737 INFO     ___FILE_ONLY___ ═
2024-03-14 13:26:53,808 INFO     ___FILE_ONLY___ ═
2024-03-14 13:26:53,854 INFO     ___FILE_ONLY___ ═
2024-03-14 13:26:53,912 INFO     ___FILE_ONLY___ ═
2024-03-14 13:26:54,009 INFO     ___FILE_ONLY___ ═
2024-03-14 13:26:54,076 INFO     ___FILE_ONLY___ ═
2024-03-14 13:26:54,132 INFO     ___FILE_ONLY___ ═
2024-03-14 13:26:54,197 INFO     ___FILE_ONLY___ ═
2024-03-14 13:26:54,273 INFO     ___FILE_ONLY___ ═
2024-03-14 13:26:54,413 INFO     ___FILE_ONLY___ ═
2024-03-14 13:26:54,465 INFO     ___FILE_ONLY___ ═
2024-03-14 13:26:54,524 INFO     ___FILE_ONLY___ ═
2024-03-14 13:26:54,601 INFO     ___FILE_ONLY___ ═
2024-03-14 13:26:54,716 INFO     ___FILE_ONLY___ ═
2024-03-14 13:26:54,772 INFO     ___FILE_ONLY___ ═
2024-03-14 13:26:54,834 INFO     ___FILE_ONLY___ ═
2024-03-14 13:26:54,891 INFO     ___FILE_ONLY___ ═
2024-03-14 13:26:54,946 INFO     ___FILE_ONLY___ ═
2024-03-14 13:26:55,004 INFO     ___FILE_ONLY___ ═
2024-03-14 13:26:55,065 INFO     ___FILE_ONLY___ ═
2024-03-14 13:26:55,116 INFO     ___FILE_ONLY___ ═
2024-03-14 13:26:55,184 INFO     ___FILE_ONLY___ ═
2024-03-14 13:26:55,246 INFO     ___FILE_ONLY___ ═
2024-03-14 13:26:55,312 INFO     ___FILE_ONLY___ ═
2024-03-14 13:26:55,385 INFO     ___FILE_ONLY___ ═
2024-03-14 13:26:55,385 INFO     ___FILE_ONLY___ ╝

2024-03-14 13:26:58,294 INFO     ___FILE_ONLY___ ╔════════════════════════════════════════════════════════════╗

2024-03-14 13:26:58,294 INFO     ___FILE_ONLY___ ╠═ Installing: gcloud Alpha Commands                        ═╣

2024-03-14 13:26:58,294 INFO     ___FILE_ONLY___ ╚
2024-03-14 13:26:58,298 DEBUG    urllib3.connectionpool Starting new HTTPS connection (1): dl.google.com:443
2024-03-14 13:26:58,412 DEBUG    urllib3.connectionpool https://dl.google.com:443 "GET /dl/cloudsdk/channels/rapid/components/google-cloud-sdk-alpha-20240308155052.tar.gz HTTP/1.1" 200 800
2024-03-14 13:26:58,413 INFO     ___FILE_ONLY___ ══════════════════════════════
2024-03-14 13:26:58,414 INFO     ___FILE_ONLY___ ══════════════════════════════
2024-03-14 13:26:58,414 INFO     ___FILE_ONLY___ ╝

2024-03-14 13:26:58,422 INFO     ___FILE_ONLY___ ╔════════════════════════════════════════════════════════════╗

2024-03-14 13:26:58,422 INFO     ___FILE_ONLY___ ╠═ Installing: gcloud Beta Commands                         ═╣

2024-03-14 13:26:58,422 INFO     ___FILE_ONLY___ ╚
2024-03-14 13:26:58,426 DEBUG    urllib3.connectionpool Starting new HTTPS connection (1): dl.google.com:443
2024-03-14 13:26:58,493 DEBUG    urllib3.connectionpool https://dl.google.com:443 "GET /dl/cloudsdk/channels/rapid/components/google-cloud-sdk-beta-20240308155052.tar.gz HTTP/1.1" 200 797
2024-03-14 13:26:58,494 INFO     ___FILE_ONLY___ ══════════════════════════════
2024-03-14 13:26:58,495 INFO     ___FILE_ONLY___ ══════════════════════════════
2024-03-14 13:26:58,495 INFO     ___FILE_ONLY___ ╝

2024-03-14 13:26:58,503 INFO     ___FILE_ONLY___ ╔════════════════════════════════════════════════════════════╗

2024-03-14 13:26:58,503 INFO     ___FILE_ONLY___ ╠═ Creating backup and activating new installation          ═╣

2024-03-14 13:26:58,503 INFO     ___FILE_ONLY___ ╚
2024-03-14 13:26:58,503 DEBUG    root            Attempting to move directory [/tools/google-cloud-sdk] to [/tools/google-cloud-sdk.staging/.install/.backup]
2024-03-14 13:26:58,503 INFO     ___FILE_ONLY___ ══════════════════════════════
2024-03-14 13:26:58,503 DEBUG    root            Attempting to move directory [/tools/google-cloud-sdk.staging] to [/tools/google-cloud-sdk]
2024-03-14 13:26:58,503 INFO     ___FILE_ONLY___ ══════════════════════════════
2024-03-14 13:26:58,503 INFO     ___FILE_ONLY___ ╝

2024-03-14 13:26:58,507 DEBUG    root            Updating notification cache...
2024-03-14 13:26:58,509 INFO     ___FILE_ONLY___ 

2024-03-14 13:26:58,511 INFO     ___FILE_ONLY___ Performing post processing steps...
2024-03-14 13:26:58,511 DEBUG    root            Executing command: ['/tools/google-cloud-sdk/bin/gcloud', 'components', 'post-process']
2024-03-14 13:27:08,504 DEBUG    ___FILE_ONLY___ 
2024-03-14 13:27:08,505 DEBUG    ___FILE_ONLY___ 
2024-03-14 13:27:08,526 INFO     ___FILE_ONLY___ 
Update done!


2024-03-14 13:27:08,529 DEBUG    root            Chosen display Format:none
2024-03-14 13:27:08,529 INFO     root            Display format: "none"
